Flow report for niosII
Mon Feb 11 16:23:59 2019
Quartus Prime Version 18.1.0 Build 625 09/12/2018 SJ Lite Edition


---------------------
; Table of Contents ;
---------------------
  1. Legal Notice
  2. Flow Summary
  3. Flow Settings
  4. Flow Non-Default Global Settings
  5. Flow Elapsed Time
  6. Flow OS Summary
  7. Flow Log
  8. Flow Messages
  9. Flow Suppressed Messages



----------------
; Legal Notice ;
----------------
Copyright (C) 2018  Intel Corporation. All rights reserved.
Your use of Intel Corporation's design tools, logic functions 
and other software and tools, and its AMPP partner logic 
functions, and any output files from any of the foregoing 
(including device programming or simulation files), and any 
associated documentation or information are expressly subject 
to the terms and conditions of the Intel Program License 
Subscription Agreement, the Intel Quartus Prime License Agreement,
the Intel FPGA IP License Agreement, or other applicable license
agreement, including, without limitation, that your use is for
the sole purpose of programming logic devices manufactured by
Intel and sold by Intel or its authorized distributors.  Please
refer to the applicable agreement for further details.



+----------------------------------------------------------------------------------+
; Flow Summary                                                                     ;
+------------------------------------+---------------------------------------------+
; Flow Status                        ; Successful - Mon Feb 11 16:23:50 2019       ;
; Quartus Prime Version              ; 18.1.0 Build 625 09/12/2018 SJ Lite Edition ;
; Revision Name                      ; niosII                                      ;
; Top-level Entity Name              ; nios                                        ;
; Family                             ; Cyclone IV E                                ;
; Device                             ; EP4CE6E22C8                                 ;
; Timing Models                      ; Final                                       ;
; Total logic elements               ; 2,212 / 6,272 ( 35 % )                      ;
;     Total combinational functions  ; 2,065 / 6,272 ( 33 % )                      ;
;     Dedicated logic registers      ; 1,101 / 6,272 ( 18 % )                      ;
; Total registers                    ; 1101                                        ;
; Total pins                         ; 23 / 92 ( 25 % )                            ;
; Total virtual pins                 ; 0                                           ;
; Total memory bits                  ; 181,504 / 276,480 ( 66 % )                  ;
; Embedded Multiplier 9-bit elements ; 0 / 30 ( 0 % )                              ;
; Total PLLs                         ; 0 / 2 ( 0 % )                               ;
+------------------------------------+---------------------------------------------+


+-----------------------------------------+
; Flow Settings                           ;
+-------------------+---------------------+
; Option            ; Setting             ;
+-------------------+---------------------+
; Start date & time ; 02/11/2019 16:22:15 ;
; Main task         ; Compilation         ;
; Revision Name     ; niosII              ;
+-------------------+---------------------+


+-----------------------------------------------------------------------------------------------------------------------------------------+
; Flow Non-Default Global Settings                                                                                                        ;
+-------------------------------------+--------------------------------------------------------+---------------+-------------+------------+
; Assignment Name                     ; Value                                                  ; Default Value ; Entity Name ; Section Id ;
+-------------------------------------+--------------------------------------------------------+---------------+-------------+------------+
; COMPILER_SIGNATURE_ID               ; 10995770589199.154990933413184                         ; --            ; --          ; --         ;
; MAX_CORE_JUNCTION_TEMP              ; 85                                                     ; --            ; --          ; --         ;
; MIN_CORE_JUNCTION_TEMP              ; 0                                                      ; --            ; --          ; --         ;
; MISC_FILE                           ; nios/synthesis/../nios.cmp                             ; --            ; --          ; --         ;
; MISC_FILE                           ; nios/synthesis/../../nios.qsys                         ; --            ; --          ; --         ;
; PARTITION_COLOR                     ; -- (Not supported for targeted family)                 ; --            ; nios        ; Top        ;
; PARTITION_FITTER_PRESERVATION_LEVEL ; -- (Not supported for targeted family)                 ; --            ; nios        ; Top        ;
; PARTITION_NETLIST_TYPE              ; -- (Not supported for targeted family)                 ; --            ; nios        ; Top        ;
; POWER_BOARD_THERMAL_MODEL           ; None (CONSERVATIVE)                                    ; --            ; --          ; --         ;
; POWER_PRESET_COOLING_SOLUTION       ; 23 MM HEAT SINK WITH 200 LFPM AIRFLOW                  ; --            ; --          ; --         ;
; PROJECT_OUTPUT_DIRECTORY            ; output_files                                           ; --            ; --          ; --         ;
; SLD_FILE                            ; nios/synthesis/nios.regmap                             ; --            ; --          ; --         ;
; SLD_FILE                            ; nios/synthesis/nios.debuginfo                          ; --            ; --          ; --         ;
; SLD_INFO                            ; QSYS_NAME nios HAS_SOPCINFO 1 GENERATION_ID 1549909270 ; --            ; nios        ; --         ;
; SOPCINFO_FILE                       ; nios/synthesis/../../nios.sopcinfo                     ; --            ; --          ; --         ;
; SYNTHESIS_ONLY_QIP                  ; On                                                     ; --            ; --          ; --         ;
; TOP_LEVEL_ENTITY                    ; nios                                                   ; niosII        ; --          ; --         ;
+-------------------------------------+--------------------------------------------------------+---------------+-------------+------------+


+--------------------------------------------------------------------------------------------------------------------------+
; Flow Elapsed Time                                                                                                        ;
+----------------------+--------------+-------------------------+---------------------+------------------------------------+
; Module Name          ; Elapsed Time ; Average Processors Used ; Peak Virtual Memory ; Total CPU Time (on all processors) ;
+----------------------+--------------+-------------------------+---------------------+------------------------------------+
; Analysis & Synthesis ; 00:01:05     ; 1.0                     ; 4925 MB             ; 00:01:31                           ;
; Fitter               ; 00:00:17     ; 1.1                     ; 5310 MB             ; 00:00:18                           ;
; Assembler            ; 00:00:03     ; 1.0                     ; 4704 MB             ; 00:00:02                           ;
; Timing Analyzer      ; 00:00:07     ; 1.1                     ; 4786 MB             ; 00:00:06                           ;
; Total                ; 00:01:32     ; --                      ; --                  ; 00:01:57                           ;
+----------------------+--------------+-------------------------+---------------------+------------------------------------+


+------------------------------------------------------------------------------------+
; Flow OS Summary                                                                    ;
+----------------------+------------------+------------+------------+----------------+
; Module Name          ; Machine Hostname ; OS Name    ; OS Version ; Processor type ;
+----------------------+------------------+------------+------------+----------------+
; Analysis & Synthesis ; LAPTOP-7S5R87VE  ; Windows 10 ; 10.0       ; x86_64         ;
; Fitter               ; LAPTOP-7S5R87VE  ; Windows 10 ; 10.0       ; x86_64         ;
; Assembler            ; LAPTOP-7S5R87VE  ; Windows 10 ; 10.0       ; x86_64         ;
; Timing Analyzer      ; LAPTOP-7S5R87VE  ; Windows 10 ; 10.0       ; x86_64         ;
+----------------------+------------------+------------+------------+----------------+


------------
; Flow Log ;
------------
quartus_map --read_settings_files=on --write_settings_files=off niosII -c niosII
quartus_fit --read_settings_files=off --write_settings_files=off niosII -c niosII
quartus_asm --read_settings_files=off --write_settings_files=off niosII -c niosII
quartus_sta niosII -c niosII



